Analyzing 79 audio-only dicts, tmp dir /tmp/ld-audio-jYRcRf
[1/79] torwali: 6 candidates -> 4 passed -> chose 3
[2/79] remo: 30 candidates -> 30 passed -> chose 3
[3/79] iipay-aa: 30 candidates -> 30 passed -> chose 3
[4/79] nasa-yuwe-páez: 30 candidates -> 30 passed -> chose 3
[5/79] ho: 30 candidates -> 30 passed -> chose 3
[6/79] poqomchi: 30 candidates -> 30 passed -> chose 3
[7/79] bum: 1 candidates -> 1 passed -> chose 1
[8/79] namtrik-de-totoro: 30 candidates -> 30 passed -> chose 3
[9/79] xyzyl: 30 candidates -> 30 passed -> chose 3
[10/79] monkox-besiro-chiquitano: 30 candidates -> 30 passed -> chose 3
[11/79] upper-tanana: 30 candidates -> 30 passed -> chose 3
[12/79] subi: 30 candidates -> 30 passed -> chose 3
[13/79] inupiaq: 30 candidates -> 30 passed -> chose 3
[14/79] temboka: 30 candidates -> 28 passed -> chose 3
[15/79] ndau: 30 candidates -> 30 passed -> chose 3
[16/79] a-fala: 30 candidates -> 30 passed -> chose 3
[17/79] judeo-kashani: 30 candidates -> 30 passed -> chose 3
[18/79] nambya: 30 candidates -> 30 passed -> chose 3
[19/79] kibembe: 30 candidates -> 30 passed -> chose 3
[20/79] gwichin: 30 candidates -> 30 passed -> chose 3
[21/79] daan-davi: 30 candidates -> 30 passed -> chose 3
[22/79] namolukese: 30 candidates -> 30 passed -> chose 3
[23/79] kholosi: 30 candidates -> 30 passed -> chose 3
[24/79] pohnpeian: 30 candidates -> 30 passed -> chose 3
[25/79] kosraean: 30 candidates -> 30 passed -> chose 3
[26/79] badaga: 30 candidates -> 30 passed -> chose 3
[27/79] lungie: 30 candidates -> 29 passed -> chose 3
[28/79] achi: 30 candidates -> 30 passed -> chose 3
[29/79] tzutujil: 30 candidates -> 30 passed -> chose 3
[30/79] tektiteko: 30 candidates -> 30 passed -> chose 3
[31/79] santali: 30 candidates -> 30 passed -> chose 3
[32/79] ixil: 30 candidates -> 30 passed -> chose 3
[33/79] ndebele: 18 candidates -> 18 passed -> chose 3
[34/79] kera-mundari: 30 candidates -> 30 passed -> chose 3
[35/79] yapese: 30 candidates -> 30 passed -> chose 3
[36/79] tehriyali: 30 candidates -> 30 passed -> chose 3
[37/79] chorti: 30 candidates -> 30 passed -> chose 3
[38/79] brezhoneg: 30 candidates -> 30 passed -> chose 3
[39/79] kidawida: 12 candidates -> 12 passed -> chose 3
[40/79] moba: 30 candidates -> 30 passed -> chose 3
[41/79] chuj: 30 candidates -> 30 passed -> chose 3
[42/79] mišär-tatar: 30 candidates -> 30 passed -> chose 3
[43/79] mazahua: 30 candidates -> 30 passed -> chose 3
[44/79] bugun: 30 candidates -> 30 passed -> chose 3
[45/79] 80CcDQ4DRyiYSPIWZ9Hy: 30 candidates -> 30 passed -> chose 3
[46/79] naxi: 30 candidates -> 30 passed -> chose 3
[47/79] mopan: 30 candidates -> 30 passed -> chose 3
[48/79] háusi-kúta: 30 candidates -> 30 passed -> chose 3
[49/79] quechua-chanka: 30 candidates -> 30 passed -> chose 3
[50/79] tjwao: 30 candidates -> 30 passed -> chose 3
[51/79] ngəmba: 30 candidates -> 30 passed -> chose 3
[52/79] pipil: 30 candidates -> 30 passed -> chose 3
[53/79] kipsigis: 30 candidates -> 30 passed -> chose 3
[54/79] judeo-iraqi-arabic: 2 candidates -> 2 passed -> chose 2
[55/79] weri: 30 candidates -> 30 passed -> chose 3
[56/79] ngabere: 30 candidates -> 30 passed -> chose 3
[57/79] arayeke-taino: 30 candidates -> 30 passed -> chose 3
[58/79] kuman: 30 candidates -> 30 passed -> chose 3
[59/79] khoikhoi: 30 candidates -> 29 passed -> chose 3
[60/79] wahgi-waghi: 30 candidates -> 30 passed -> chose 3
[61/79] aren-aiome: 30 candidates -> 30 passed -> chose 3
[62/79] idio-titan: 30 candidates -> 30 passed -> chose 3
[63/79] naasioi: 30 candidates -> 30 passed -> chose 3
[64/79] muyuw-woodlark: 30 candidates -> 30 passed -> chose 3
[65/79] tsesungun: 30 candidates -> 30 passed -> chose 3
[66/79] nalik: 30 candidates -> 30 passed -> chose 3
[67/79] gaedhealg-thir-eoghain: 30 candidates -> 28 passed -> chose 3
[68/79] korku: 30 candidates -> 30 passed -> chose 3
[69/79] tuscarora: 30 candidates -> 14 passed -> chose 3
[70/79] miahuatec-zapotec: 30 candidates -> 30 passed -> chose 3
[71/79] alu-kurumba: 30 candidates -> 30 passed -> chose 3
[72/79] bezhta: 7 candidates -> 7 passed -> chose 3
[73/79] saliba: 7 candidates -> 7 passed -> chose 3
[74/79] mapudungun: 20 candidates -> 20 passed -> chose 3
[75/79] mehri: 2 candidates -> 2 passed -> chose 2
[76/79] igbo: 6 candidates -> 6 passed -> chose 3
[77/79] zapoteco-serrano: 12 candidates -> 12 passed -> chose 3
[78/79] uitoto: 10 candidates -> 10 passed -> chose 3
[79/79] baleswari-odia: 3 candidates -> 3 passed -> chose 3
Done. 79 dicts processed, 233 entries chosen, 0 dicts got 0 (all candidates rejected: )
